$ opam depext -iy -j 2 camlpdf.2.1.1
# Detecting depexts using vars: arch=x86_64, os=linux, os-distribution=ubuntu, os-family=debian
# The following system packages are needed:
m4
# All required OS packages found.
# Now letting OPAM install the packages
The following actions will be performed:
  - install camlpdf 2.1.1

<><> Gathering sources ><><><><><><><><><><><><><><><><><><><><><><><><><><><><>
[camlpdf.2.1.1] found in cache

<><> Processing actions <><><><><><><><><><><><><><><><><><><><><><><><><><><><>
[ERROR] The compilation of camlpdf failed at "/usr/bin/make".

#=== ERROR while compiling camlpdf.2.1.1 ======================================#
# context              2.0.0 | linux/x86_64 | ocaml-base-compiler.4.06.1 | git+file:///home/opam/opam-repository
# path                 ~/.opam/4.06/.opam-switch/build/camlpdf.2.1.1
# command              /usr/bin/make
# exit-code            2
# env-file             ~/.opam/log/camlpdf-13-ad8886.env
# output-file          ~/.opam/log/camlpdf-13-ad8886.out
### output ###
# make[1]: Entering directory '/home/opam/.opam/4.06/.opam-switch/build/camlpdf.2.1.1'
# ocamlfind ocamldep -native pdfmerge.mli > ._ncdi/pdfmerge.di
# ocamlfind ocamldep -native pdftype0.mli > ._ncdi/pdftype0.di
# ocamlfind ocamldep -native pdftruetype.mli > ._ncdi/pdftruetype.di
# ocamlfind ocamldep -native pdftype1.mli > ._ncdi/pdftype1.di
# ocamlfind ocamldep -native pdfcff.mli > ._ncdi/pdfcff.di
# ocamlfind ocamldep -native pdfocg.mli > ._ncdi/pdfocg.di
# ocamlfind ocamldep -native pdfdate.mli > ._ncdi/pdfdate.di
# ocamlfind ocamldep -native pdfshapes.mli > ._ncdi/pdfshapes.di
# ocamlfind ocamldep -native pdfgraphics.mli > ._ncdi/pdfgraphics.di
# ocamlfind ocamldep -native pdfstandard14.mli > ._ncdi/pdfstandard14.di
# ocamlfind ocamldep -native pdftext.mli > ._ncdi/pdftext.di
# ocamlfind ocamldep -native pdfglyphlist.mli > ._ncdi/pdfglyphlist.di
# ocamlfind ocamldep -native pdfafmdata.mli > ._ncdi/pdfafmdata.di
# ocamlfind ocamldep -native pdfafm.mli > ._ncdi/pdfafm.di
# ocamlfind ocamldep -native pdfimage.mli > ._ncdi/pdfimage.di
# ocamlfind ocamldep -native pdfspace.mli > ._ncdi/pdfspace.di
# ocamlfind ocamldep -native pdffun.mli > ._ncdi/pdffun.di
# ocamlfind ocamldep -native pdfannot.mli > ._ncdi/pdfannot.di
# ocamlfind ocamldep -native pdfpage.mli > ._ncdi/pdfpage.di
# ocamlfind ocamldep -native pdfpagelabels.mli > ._ncdi/pdfpagelabels.di
# ocamlfind ocamldep -native pdfmarks.mli > ._ncdi/pdfmarks.di
# ocamlfind ocamldep -native pdfdest.mli > ._ncdi/pdfdest.di
# ocamlfind ocamldep -native pdfops.mli > ._ncdi/pdfops.di
# ocamlfind ocamldep -native pdfjpeg.mli > ._ncdi/pdfjpeg.di
# ocamlfind ocamldep -native pdfread.mli > ._ncdi/pdfread.di
# ocamlfind ocamldep -native pdfgenlex.mli > ._ncdi/pdfgenlex.di
# ocamlfind ocamldep -native pdfwrite.mli > ._ncdi/pdfwrite.di
# ocamlfind ocamldep -native pdfcodec.mli > ._ncdi/pdfcodec.di
# ocamlfind ocamldep -native pdfflate.mli > ._ncdi/pdfflate.di
# ocamlfind ocamldep -native pdfcrypt.mli > ._ncdi/pdfcrypt.di
# ocamlfind ocamldep -native pdfcryptprimitives.mli > ._ncdi/pdfcryptprimitives.di
# ocamlfind ocamldep -native pdf.mli > ._ncdi/pdf.di
# ocamlfind ocamldep -native pdfpaper.mli > ._ncdi/pdfpaper.di
# ocamlfind ocamldep -native pdfunits.mli > ._ncdi/pdfunits.di
# ocamlfind ocamldep -native pdftransform.mli > ._ncdi/pdftransform.di
# ocamlfind ocamldep -native pdfio.mli > ._ncdi/pdfio.di
# ocamlfind ocamldep -native pdfutil.mli > ._ncdi/pdfutil.di
# ocamlfind ocamldep pdfmerge.ml > ._d/pdfmerge.d
# ocamlfind ocamldep pdftype0.ml > ._d/pdftype0.d
# ocamlfind ocamldep pdftruetype.ml > ._d/pdftruetype.d
# ocamlfind ocamldep pdftype1.ml > ._d/pdftype1.d
# ocamlfind ocamldep pdfcff.ml > ._d/pdfcff.d
# ocamlfind ocamldep pdfocg.ml > ._d/pdfocg.d
# ocamlfind ocamldep pdfdate.ml > ._d/pdfdate.d
# ocamlfind ocamldep pdfshapes.ml > ._d/pdfshapes.d
# ocamlfind ocamldep pdfgraphics.ml > ._d/pdfgraphics.d
# ocamlfind ocamldep pdfstandard14.ml > ._d/pdfstandard14.d
# ocamlfind ocamldep pdftext.ml > ._d/pdftext.d
# ocamlfind ocamldep pdfglyphlist.ml > ._d/pdfglyphlist.d
# ocamlfind ocamldep pdfafmdata.ml > ._d/pdfafmdata.d
# ocamlfind ocamldep pdfafm.ml > ._d/pdfafm.d
# ocamlfind ocamldep pdfimage.ml > ._d/pdfimage.d
# ocamlfind ocamldep pdfspace.ml > ._d/pdfspace.d
# ocamlfind ocamldep pdffun.ml > ._d/pdffun.d
# ocamlfind ocamldep pdfannot.ml > ._d/pdfannot.d
# ocamlfind ocamldep pdfpage.ml > ._d/pdfpage.d
# ocamlfind ocamldep pdfpagelabels.ml > ._d/pdfpagelabels.d
# ocamlfind ocamldep pdfmarks.ml > ._d/pdfmarks.d
# ocamlfind ocamldep pdfdest.ml > ._d/pdfdest.d
# ocamlfind ocamldep pdfops.ml > ._d/pdfops.d
# ocamlfind ocamldep pdfjpeg.ml > ._d/pdfjpeg.d
# ocamlfind ocamldep pdfread.ml > ._d/pdfread.d
# ocamlfind ocamldep pdfgenlex.ml > ._d/pdfgenlex.d
# ocamlfind ocamldep pdfwrite.ml > ._d/pdfwrite.d
# ocamlfind ocamldep pdfcodec.ml > ._d/pdfcodec.d
# ocamlfind ocamldep pdfflate.ml > ._d/pdfflate.d
# ocamlfind ocamldep pdfcrypt.ml > ._d/pdfcrypt.d
# ocamlfind ocamldep pdfcryptprimitives.ml > ._d/pdfcryptprimitives.d
# ocamlfind ocamldep pdf.ml > ._d/pdf.d
# ocamlfind ocamldep pdfpaper.ml > ._d/pdfpaper.d
# ocamlfind ocamldep pdfunits.ml > ._d/pdfunits.d
# ocamlfind ocamldep pdftransform.ml > ._d/pdftransform.d
# ocamlfind ocamldep pdfio.ml > ._d/pdfio.d
# ocamlfind ocamldep pdfutil.ml > ._d/pdfutil.d
# ocamlc -c -cc "cc" -ccopt "-fPIC  \
# 			-DPIC -DNATIVE_CODE   \
# 			    -o flatestubs.o " flatestubs.c
# In file included from flatestubs.c:20:0:
# miniz.c:2440:28: warning: always_inline function might not be inlinable [-Wattributes]
#  static MZ_FORCEINLINE void tdefl_record_match(tdefl_compressor *d, mz_uint match_len, mz_uint match_dist)
#                             ^~~~~~~~~~~~~~~~~~
# miniz.c:2432:28: warning: always_inline function might not be inlinable [-Wattributes]
#  static MZ_FORCEINLINE void tdefl_record_literal(tdefl_compressor *d, mz_uint8 lit)
#                             ^~~~~~~~~~~~~~~~~~~~
# miniz.c:2230:28: warning: always_inline function might not be inlinable [-Wattributes]
#  static MZ_FORCEINLINE void tdefl_find_match(tdefl_compressor *d, mz_uint lookahead_pos, mz_uint max_dist, mz_uint max_match_len, mz_uint *pMatch_dist, mz_uint *pMatch_len)
#                             ^~~~~~~~~~~~~~~~
# ocamlc -c -cc "cc" -ccopt "-fPIC  \
# 			-DPIC -DNATIVE_CODE   \
# 			    -o rijndael-alg-fst.o " rijndael-alg-fst.c
# ocamlc -c -cc "cc" -ccopt "-fPIC  \
# 			-DPIC -DNATIVE_CODE   \
# 			    -o stubs-aes.o " stubs-aes.c
# ocamlc -c -cc "cc" -ccopt "-fPIC  \
# 			-DPIC -DNATIVE_CODE   \
# 			    -o sha2.o " sha2.c
# ocamlc -c -cc "cc" -ccopt "-fPIC  \
# 			-DPIC -DNATIVE_CODE   \
# 			    -o stubs-sha2.o " stubs-sha2.c
# ar rcs libcamlpdf_stubs.a  flatestubs.o rijndael-alg-fst.o stubs-aes.o sha2.o stubs-sha2.o
# ocamlfind ocamlc -package bigarray -c pdfutil.mli
# ocamlfind ocamlopt -package bigarray -c -g -w -3 pdfutil.ml
# File "pdfutil.ml", line 820, characters 21-27:
# Warning 52: Code should not depend on the actual values of
# this constructor's arguments. They are only for information
# and may change in future versions. (See manual section 8.5)
# File "pdfutil.ml", line 820, characters 38-42:
# Warning 52: Code should not depend on the actual values of
# this constructor's arguments. They are only for information
# and may change in future versions. (See manual section 8.5)
# File "pdfutil.ml", line 1196, characters 25-54:
# Error: This expression has type bytes but an expression was expected of type
#          string
# OCamlMakefile:1076: recipe for target 'pdfutil.cmx' failed
# make[1]: *** [pdfutil.cmx] Error 2
# make[1]: Leaving directory '/home/opam/.opam/4.06/.opam-switch/build/camlpdf.2.1.1'
# OCamlMakefile:801: recipe for target 'native-code-library' failed
# make: *** [native-code-library] Error 2



<><> Error report <><><><><><><><><><><><><><><><><><><><><><><><><><><><><><><>
+- The following actions failed
| - build camlpdf 2.1.1
+- 
- No changes have been performed
# Run eval $(opam env) to update the current shell environment
31 1534044557 1534044564